<?xml version="1.0" encoding="UTF-8"?>
<!-- Generated by org.testng.reporters.JUnitReportReporter -->
<testsuite hostname="DESKTOP-I59386F" failures="0" tests="1" name="Demo.Demo2" time="0.009" errors="0" timestamp="2023-01-06T15:57:18 IST" skipped="0">
  <testcase classname="Demo.Demo2" name="m1" time="0.009"/>
  <system-out>
    <![CDATA[M1 Runnning]]>
  </system-out>
</testsuite> <!-- Demo.Demo2 -->
